[debug] [2021-10-19T14:30:17.093Z] ----------------------------------------------------------------------
[debug] [2021-10-19T14:30:17.098Z] Command:       C:\Program Files\nodejs\node.exe C:\Users\Akash\AppData\Roaming\npm\node_modules\firebase-tools\lib\bin\firebase.js init
[debug] [2021-10-19T14:30:17.099Z] CLI Version:   9.20.0
[debug] [2021-10-19T14:30:17.099Z] Platform:      win32
[debug] [2021-10-19T14:30:17.099Z] Node Version:  v16.5.0
[debug] [2021-10-19T14:30:17.159Z] Time:          Tue Oct 19 2021 20:30:17 GMT+0600 (Bangladesh Standard Time)
[debug] [2021-10-19T14:30:17.160Z] ----------------------------------------------------------------------
[debug] 
[debug] [2021-10-19T14:30:17.199Z] >>> [apiv2][query] GET https://firebase-public.firebaseio.com/cli.json [none]
[debug] [2021-10-19T14:30:17.334Z] > command requires scopes: ["email","openid","https://www.googleapis.com/auth/cloudplatformprojects.readonly","https://www.googleapis.com/auth/firebase","https://www.googleapis.com/auth/cloud-platform"]
[debug] [2021-10-19T14:30:17.335Z] > authorizing via signed-in user (md.akash6724@gmail.com)
[info] 
     ######## #### ########  ######## ########     ###     ######  ########
     ##        ##  ##     ## ##       ##     ##  ##   ##  ##       ##
     ######    ##  ########  ######   ########  #########  ######  ######
     ##        ##  ##    ##  ##       ##     ## ##     ##       ## ##
     ##       #### ##     ## ######## ########  ##     ##  ######  ########

You're about to initialize a Firebase project in this directory:

  C:\Users\Akash\Desktop\assignment\healthcare

[debug] [2021-10-19T14:30:29.311Z] <<< [apiv2][status] GET https://firebase-public.firebaseio.com/cli.json 200
[debug] [2021-10-19T14:30:29.312Z] <<< [apiv2][body] GET https://firebase-public.firebaseio.com/cli.json {"cloudBuildErrorAfter":1594252800000,"cloudBuildWarnAfter":1590019200000,"defaultNode10After":1594252800000,"minVersion":"3.0.5","node8DeploysDisabledAfter":1613390400000,"node8RuntimeDisabledAfter":1615809600000,"node8WarnAfter":1600128000000}
